Determining if the pthread_create exist failed with the following output:
Change Dir: /home/eliznab74/ros_home/robot_assignment_ws/build/CMakeFiles/CMakeTmp

Run Build Command:"/usr/bin/make" "cmTC_865d0/fast"
/usr/bin/make -f CMakeFiles/cmTC_865d0.dir/build.make CMakeFiles/cmTC_865d0.dir/build
make[1]: Entering directory '/home/eliznab74/ros_home/robot_assignment_ws/build/CMakeFiles/CMakeTmp'
Building C object CMakeFiles/cmTC_865d0.dir/CheckSymbolExists.c.o
/usr/bin/cc     -o CMakeFiles/cmTC_865d0.dir/CheckSymbolExists.c.o   -c /home/eliznab74/ros_home/robot_assignment_ws/build/CMakeFiles/CMakeTmp/CheckSymbolExists.c
Linking C executable cmTC_865d0
/usr/bin/cmake -E cmake_link_script CMakeFiles/cmTC_865d0.dir/link.txt --verbose=1
/usr/bin/cc       CMakeFiles/cmTC_865d0.dir/CheckSymbolExists.c.o  -o cmTC_865d0 -rdynamic 
CMakeFiles/cmTC_865d0.dir/CheckSymbolExists.c.o: In function `main':
CheckSymbolExists.c:(.text+0x16): undefined reference to `pthread_create'
collect2: error: ld returned 1 exit status
CMakeFiles/cmTC_865d0.dir/build.make:97: recipe for target 'cmTC_865d0' failed
make[1]: *** [cmTC_865d0] Error 1
make[1]: Leaving directory '/home/eliznab74/ros_home/robot_assignment_ws/build/CMakeFiles/CMakeTmp'
Makefile:126: recipe for target 'cmTC_865d0/fast' failed
make: *** [cmTC_865d0/fast] Error 2

File /home/eliznab74/ros_home/robot_assignment_ws/build/CMakeFiles/CMakeTmp/CheckSymbolExists.c:
/* */
#include <pthread.h>

int main(int argc, char** argv)
{
  (void)argv;
#ifndef pthread_create
  return ((int*)(&pthread_create))[argc];
#else
  (void)argc;
  return 0;
#endif
}

Determining if the function pthread_create exists in the pthreads failed with the following output:
Change Dir: /home/eliznab74/ros_home/robot_assignment_ws/build/CMakeFiles/CMakeTmp

Run Build Command:"/usr/bin/make" "cmTC_6ae8b/fast"
/usr/bin/make -f CMakeFiles/cmTC_6ae8b.dir/build.make CMakeFiles/cmTC_6ae8b.dir/build
make[1]: Entering directory '/home/eliznab74/ros_home/robot_assignment_ws/build/CMakeFiles/CMakeTmp'
Building C object CMakeFiles/cmTC_6ae8b.dir/CheckFunctionExists.c.o
/usr/bin/cc    -DCHECK_FUNCTION_EXISTS=pthread_create   -o CMakeFiles/cmTC_6ae8b.dir/CheckFunctionExists.c.o   -c /usr/share/cmake-3.5/Modules/CheckFunctionExists.c
Linking C executable cmTC_6ae8b
/usr/bin/cmake -E cmake_link_script CMakeFiles/cmTC_6ae8b.dir/link.txt --verbose=1
/usr/bin/cc   -DCHECK_FUNCTION_EXISTS=pthread_create    CMakeFiles/cmTC_6ae8b.dir/CheckFunctionExists.c.o  -o cmTC_6ae8b -rdynamic -lpthreads 
/usr/bin/ld: cannot find -lpthreads
collect2: error: ld returned 1 exit status
CMakeFiles/cmTC_6ae8b.dir/build.make:97: recipe for target 'cmTC_6ae8b' failed
make[1]: *** [cmTC_6ae8b] Error 1
make[1]: Leaving directory '/home/eliznab74/ros_home/robot_assignment_ws/build/CMakeFiles/CMakeTmp'
Makefile:126: recipe for target 'cmTC_6ae8b/fast' failed
make: *** [cmTC_6ae8b/fast] Error 2


